<?xml version="1.0" encoding="UTF-8"?>
<!-- Generated by org.testng.reporters.JUnitXMLReporter -->
<testsuite ignored="0" hostname="DESKTOP-TGEBJ9N" failures="0" tests="3" name="Default test" time="25.469" errors="0" timestamp="2023-10-03T21:35:57 IST">
  <testcase classname="com.test.TestClass" name="test1" time="0.004"/>
  <testcase classname="com.test.TestClass" name="test2" time="0.001"/>
  <testcase classname="com.test.TestClass" name="test3" time="0.001"/>
</testsuite> <!-- Default test -->
