<?xml version="1.0" encoding="UTF-8"?>
<testng-results ignored="0" total="3" passed="3" failed="0" skipped="0">
  <reporter-output>
  </reporter-output>
  <suite started-at="2023-10-03T21:35:31 IST" name="Default suite" finished-at="2023-10-03T21:35:57 IST" duration-ms="25469">
    <groups>
    </groups>
    <test started-at="2023-10-03T21:35:31 IST" name="Default test" finished-at="2023-10-03T21:35:57 IST" duration-ms="25469">
      <class name="com.test.TestClass">
        <test-method is-config="true" signature="setup()[pri:0, instance:com.test.TestClass@663c9e7a]" started-at="2023-10-03T21:35:31 IST" name="setup" finished-at="2023-10-03T21:35:49 IST" duration-ms="17847" status="PASS">
          <reporter-output>
          </reporter-output>
        </test-method> <!-- setup -->
        <test-method signature="test1()[pri:0, instance:com.test.TestClass@663c9e7a]" started-at="2023-10-03T21:35:49 IST" name="test1" finished-at="2023-10-03T21:35:49 IST" duration-ms="4" status="PASS">
          <reporter-output>
          </reporter-output>
        </test-method> <!-- test1 -->
        <test-method is-config="true" signature="tearDown()[pri:0, instance:com.test.TestClass@663c9e7a]" started-at="2023-10-03T21:35:49 IST" name="tearDown" finished-at="2023-10-03T21:35:49 IST" duration-ms="204" status="PASS">
          <reporter-output>
          </reporter-output>
        </test-method> <!-- tearDown -->
        <test-method is-config="true" signature="setup()[pri:0, instance:com.test.TestClass@663c9e7a]" started-at="2023-10-03T21:35:49 IST" name="setup" finished-at="2023-10-03T21:35:53 IST" duration-ms="3253" status="PASS">
          <reporter-output>
          </reporter-output>
        </test-method> <!-- setup -->
        <test-method signature="test2()[pri:0, instance:com.test.TestClass@663c9e7a]" started-at="2023-10-03T21:35:53 IST" name="test2" finished-at="2023-10-03T21:35:53 IST" duration-ms="1" status="PASS">
          <reporter-output>
          </reporter-output>
        </test-method> <!-- test2 -->
        <test-method is-config="true" signature="tearDown()[pri:0, instance:com.test.TestClass@663c9e7a]" started-at="2023-10-03T21:35:53 IST" name="tearDown" finished-at="2023-10-03T21:35:53 IST" duration-ms="189" status="PASS">
          <reporter-output>
          </reporter-output>
        </test-method> <!-- tearDown -->
        <test-method is-config="true" signature="setup()[pri:0, instance:com.test.TestClass@663c9e7a]" started-at="2023-10-03T21:35:53 IST" name="setup" finished-at="2023-10-03T21:35:57 IST" duration-ms="3677" status="PASS">
          <reporter-output>
          </reporter-output>
        </test-method> <!-- setup -->
        <test-method signature="test3()[pri:0, instance:com.test.TestClass@663c9e7a]" started-at="2023-10-03T21:35:57 IST" name="test3" finished-at="2023-10-03T21:35:57 IST" duration-ms="1" status="PASS">
          <reporter-output>
          </reporter-output>
        </test-method> <!-- test3 -->
        <test-method is-config="true" signature="tearDown()[pri:0, instance:com.test.TestClass@663c9e7a]" started-at="2023-10-03T21:35:57 IST" name="tearDown" finished-at="2023-10-03T21:35:57 IST" duration-ms="217" status="PASS">
          <reporter-output>
          </reporter-output>
        </test-method> <!-- tearDown -->
      </class> <!-- com.test.TestClass -->
    </test> <!-- Default test -->
  </suite> <!-- Default suite -->
</testng-results>
