<?xml version="1.0" encoding="UTF-8"?>
<testng-results ignored="0" total="3" passed="3" failed="0" skipped="0">
  <reporter-output>
  </reporter-output>
  <suite started-at="2023-10-03T22:06:07 IST" name="Suite" finished-at="2023-10-03T22:06:23 IST" duration-ms="16533">
    <groups>
    </groups>
    <test started-at="2023-10-03T22:06:07 IST" name="Test" finished-at="2023-10-03T22:06:23 IST" duration-ms="16533">
      <class name="com.test.TestClass">
        <test-method is-config="true" signature="setup()[pri:0, instance:com.test.TestClass@209da20d]" started-at="2023-10-03T22:06:07 IST" name="setup" finished-at="2023-10-03T22:06:14 IST" duration-ms="6705" status="PASS">
          <reporter-output>
          </reporter-output>
        </test-method> <!-- setup -->
        <test-method signature="test1()[pri:0, instance:com.test.TestClass@209da20d]" started-at="2023-10-03T22:06:14 IST" name="test1" finished-at="2023-10-03T22:06:14 IST" duration-ms="1" status="PASS">
          <reporter-output>
          </reporter-output>
        </test-method> <!-- test1 -->
        <test-method is-config="true" signature="tearDown()[pri:0, instance:com.test.TestClass@209da20d]" started-at="2023-10-03T22:06:14 IST" name="tearDown" finished-at="2023-10-03T22:06:14 IST" duration-ms="164" status="PASS">
          <reporter-output>
          </reporter-output>
        </test-method> <!-- tearDown -->
        <test-method is-config="true" signature="setup()[pri:0, instance:com.test.TestClass@209da20d]" started-at="2023-10-03T22:06:14 IST" name="setup" finished-at="2023-10-03T22:06:19 IST" duration-ms="5408" status="PASS">
          <reporter-output>
          </reporter-output>
        </test-method> <!-- setup -->
        <test-method signature="test2()[pri:0, instance:com.test.TestClass@209da20d]" started-at="2023-10-03T22:06:19 IST" name="test2" finished-at="2023-10-03T22:06:19 IST" duration-ms="0" status="PASS">
          <reporter-output>
          </reporter-output>
        </test-method> <!-- test2 -->
        <test-method is-config="true" signature="tearDown()[pri:0, instance:com.test.TestClass@209da20d]" started-at="2023-10-03T22:06:19 IST" name="tearDown" finished-at="2023-10-03T22:06:20 IST" duration-ms="207" status="PASS">
          <reporter-output>
          </reporter-output>
        </test-method> <!-- tearDown -->
        <test-method is-config="true" signature="setup()[pri:0, instance:com.test.TestClass@209da20d]" started-at="2023-10-03T22:06:20 IST" name="setup" finished-at="2023-10-03T22:06:23 IST" duration-ms="3791" status="PASS">
          <reporter-output>
          </reporter-output>
        </test-method> <!-- setup -->
        <test-method signature="test3()[pri:0, instance:com.test.TestClass@209da20d]" started-at="2023-10-03T22:06:23 IST" name="test3" finished-at="2023-10-03T22:06:23 IST" duration-ms="0" status="PASS">
          <reporter-output>
          </reporter-output>
        </test-method> <!-- test3 -->
        <test-method is-config="true" signature="tearDown()[pri:0, instance:com.test.TestClass@209da20d]" started-at="2023-10-03T22:06:23 IST" name="tearDown" finished-at="2023-10-03T22:06:23 IST" duration-ms="167" status="PASS">
          <reporter-output>
          </reporter-output>
        </test-method> <!-- tearDown -->
      </class> <!-- com.test.TestClass -->
    </test> <!-- Test -->
  </suite> <!-- Suite -->
</testng-results>
